<?xml version="1.0" encoding="utf-8" standalone="no"?>
<!--This file represents the results of running a test suite-->
<test-results name=".\Wow2WowLuaTest\bin\Debug\Wow2WowLuaTest.dll" total="6" errors="1" failures="0" not-run="0" inconclusive="0" ignored="0" skipped="0" invalid="0" date="2010-12-01" time="14:54:23">
  <environment nunit-version="2.5.7.10213" clr-version="2.0.50727.4952" os-version="Microsoft Windows NT 6.1.7600.0" platform="Win32NT" cwd="C:\src\Lua2WowLua" machine-name="NZNZNZ6" user="user" user-domain="nznznz6" />
  <culture-info current-culture="en-US" current-uiculture="en-US" />
  <test-suite type="Assembly" name=".\Wow2WowLuaTest\bin\Debug\Wow2WowLuaTest.dll" executed="True" result="Failure" success="False" time="3.258" asserts="0">
    <results>
      <test-suite type="Namespace" name="Wow2WowLuaTest" executed="True" result="Failure" success="False" time="3.234" asserts="0">
        <results>
          <test-suite type="TestSuite" name="ScenarioTestRunner" executed="True" result="Failure" success="False" time="3.232" asserts="0">
            <results>
              <test-case name="Wow2WowLuaTest.ScenarioTestRunner integration test: C:\Users\user\AppData\Local\Temp\Wow2WowLuaTest.tests\can_require_a_module\main.lua" executed="True" result="Success" success="True" time="1.476" asserts="0" />
              <test-case name="Wow2WowLuaTest.ScenarioTestRunner integration test: C:\Users\user\AppData\Local\Temp\Wow2WowLuaTest.tests\can_require_Shared_module\main.lua" executed="True" result="Success" success="True" time="0.209" asserts="0" />
              <test-case name="Wow2WowLuaTest.ScenarioTestRunner integration test: C:\Users\user\AppData\Local\Temp\Wow2WowLuaTest.tests\require_doesnt_reorder_code\main.lua" executed="True" result="Error" success="False" time="0.278" asserts="0">
                <failure>
                  <message><![CDATA[Should.Core.Exceptions.EqualException : Assert.Equal() Failure
Position: First difference is at position 0
Expected: 
Actual:   lua: ...est.tests\require_doesnt_reorder_code\result.tmp.lua:2: attempt to call global 'Record' (a nil value)
          stack traceback:
          	...est.tests\require_doesnt_reorder_code\result.tmp.lua:2: in function <...est.tests\require_doesnt_reorder_code\result.tmp.lua:1>
          	...est.tests\require_doesnt_reorder_code\result.tmp.lua:3: in main chunk
          	[C]: ?
          ]]></message>
                  <stack-trace><![CDATA[at Wow2WowLuaTest.ScenarioTestRunner.RunLuaFile(String filepath) in C:\src\Lua2WowLua\Wow2WowLuaTest\ScenarioTestRunner.cs:line 107
at Wow2WowLuaTest.ScenarioTestRunner.<>c__DisplayClass4.<Tests>b__0() in C:\src\Lua2WowLua\Wow2WowLuaTest\ScenarioTestRunner.cs:line 41
at NJasmine.Core.NJasmineTestMethod.visitIt(String description, Action action, TestPosition position) in c:\src\NJasmine\NJasmine\Core\NJasmineTestMethod.cs:line 91
at NJasmine.Core.FixtureVisitor.VisitorPositionAdapter.visitIt(String description, Action action) in c:\src\NJasmine\NJasmine\Core\FixtureVisitor\VisitorPositionAdapter.cs:line 51
at NJasmine.NJasmineFixture.it(String description, Action action) in c:\src\NJasmine\NJasmine\NJasmineFixture.cs:line 56
at Wow2WowLuaTest.ScenarioTestRunner.Tests() in C:\src\Lua2WowLua\Wow2WowLuaTest\ScenarioTestRunner.cs:line 28
at NJasmine.Core.NJasmineTestMethod.Run() in c:\src\NJasmine\NJasmine\Core\NJasmineTestMethod.cs:line 43
at NJasmine.Core.NJasmineTestMethod.RunTestMethod(TestResult testResult) in c:\src\NJasmine\NJasmine\Core\NJasmineTestMethod.cs:line 28
at NUnit.Core.TestMethod.doTestCase(TestResult testResult)
]]></stack-trace>
                </failure>
              </test-case>
              <test-case name="Wow2WowLuaTest.ScenarioTestRunner integration test: C:\Users\user\AppData\Local\Temp\Wow2WowLuaTest.tests\require_parameter_is_robustly_accepted\main.lua" executed="True" result="Success" success="True" time="0.331" asserts="0" />
              <test-case name="Wow2WowLuaTest.ScenarioTestRunner each scenario has the expected files" executed="True" result="Success" success="True" time="0.431" asserts="0" />
              <test-case name="Wow2WowLuaTest.ScenarioTestRunner can load the scenarios" executed="True" result="Success" success="True" time="0.472" asserts="0" />
            </results>
          </test-suite>
        </results>
      </test-suite>
    </results>
  </test-suite>
</test-results>