<?xml version="1.0" encoding="utf-8" standalone="no"?>
<!--This file represents the results of running a test suite-->
<test-results name=".\Wow2WowLuaTest\bin\Debug\Wow2WowLuaTest.dll" total="6" errors="0" failures="0" not-run="0" inconclusive="0" ignored="0" skipped="0" invalid="0" date="2010-12-01" time="20:50:00">
  <environment nunit-version="2.5.7.10213" clr-version="2.0.50727.4952" os-version="Microsoft Windows NT 6.1.7600.0" platform="Win32NT" cwd="C:\src\Lua2WowLua" machine-name="NZNZNZ6" user="user" user-domain="nznznz6" />
  <culture-info current-culture="en-US" current-uiculture="en-US" />
  <test-suite type="Assembly" name=".\Wow2WowLuaTest\bin\Debug\Wow2WowLuaTest.dll" executed="True" result="Success" success="True" time="5.702" asserts="0">
    <results>
      <test-suite type="Namespace" name="Wow2WowLuaTest" executed="True" result="Success" success="True" time="5.687" asserts="0">
        <results>
          <test-suite type="TestSuite" name="ScenarioTestRunner" executed="True" result="Success" success="True" time="5.682" asserts="0">
            <results>
              <test-case name="Wow2WowLuaTest.ScenarioTestRunner integration test: C:\Users\user\AppData\Local\Temp\Wow2WowLuaTest.tests\can_require_a_module\main.lua" executed="True" result="Success" success="True" time="1.473" asserts="0" />
              <test-case name="Wow2WowLuaTest.ScenarioTestRunner integration test: C:\Users\user\AppData\Local\Temp\Wow2WowLuaTest.tests\can_require_Shared_module\main.lua" executed="True" result="Success" success="True" time="0.497" asserts="0" />
              <test-case name="Wow2WowLuaTest.ScenarioTestRunner integration test: C:\Users\user\AppData\Local\Temp\Wow2WowLuaTest.tests\require_doesnt_reorder_code\main.lua" executed="True" result="Success" success="True" time="0.857" asserts="0" />
              <test-case name="Wow2WowLuaTest.ScenarioTestRunner integration test: C:\Users\user\AppData\Local\Temp\Wow2WowLuaTest.tests\require_parameter_is_robustly_accepted\main.lua" executed="True" result="Success" success="True" time="1.388" asserts="0" />
              <test-case name="Wow2WowLuaTest.ScenarioTestRunner each scenario has the expected files" executed="True" result="Success" success="True" time="0.817" asserts="0" />
              <test-case name="Wow2WowLuaTest.ScenarioTestRunner can load the scenarios" executed="True" result="Success" success="True" time="0.595" asserts="0" />
            </results>
          </test-suite>
        </results>
      </test-suite>
    </results>
  </test-suite>
</test-results>