<?xml version="1.0" encoding="utf-8" standalone="no"?>
<!--This file represents the results of running a test suite-->
<test-results name=".\Wow2WowLuaTest\bin\Debug\Wow2WowLuaTest.dll" total="7" errors="0" failures="0" not-run="0" inconclusive="0" ignored="0" skipped="0" invalid="0" date="2010-11-23" time="18:32:19">
  <environment nunit-version="2.5.7.10213" clr-version="2.0.50727.4952" os-version="Microsoft Windows NT 6.1.7600.0" platform="Win32NT" cwd="C:\src\Lua2WowLua" machine-name="NZNZNZ6" user="user" user-domain="nznznz6" />
  <culture-info current-culture="en-US" current-uiculture="en-US" />
  <test-suite type="Assembly" name=".\Wow2WowLuaTest\bin\Debug\Wow2WowLuaTest.dll" executed="True" result="Success" success="True" time="3.327" asserts="0">
    <results>
      <test-suite type="Namespace" name="Wow2WowLuaTest" executed="True" result="Success" success="True" time="3.313" asserts="0">
        <results>
          <test-suite type="TestSuite" name="ScenarioTests" executed="True" result="Success" success="True" time="3.310" asserts="0">
            <results>
              <test-case name="Wow2WowLuaTest.ScenarioTests integration test: C:\Users\user\AppData\Local\Temp\Wow2WowLuaTest.tests\can_require_without_lua_file_extension\main.lua" executed="True" result="Success" success="True" time="1.030" asserts="0" />
              <test-case name="Wow2WowLuaTest.ScenarioTests integration test: C:\Users\user\AppData\Local\Temp\Wow2WowLuaTest.tests\can_require_with_lua_file_extension\main.lua" executed="True" result="Success" success="True" time="0.267" asserts="0" />
              <test-case name="Wow2WowLuaTest.ScenarioTests integration test: C:\Users\user\AppData\Local\Temp\Wow2WowLuaTest.tests\can_require_with_nested_file\main.lua" executed="True" result="Success" success="True" time="0.264" asserts="0" />
              <test-case name="Wow2WowLuaTest.ScenarioTests integration test: C:\Users\user\AppData\Local\Temp\Wow2WowLuaTest.tests\SharedRequireModule\main.lua" executed="True" result="Success" success="True" time="0.270" asserts="0" />
              <test-case name="Wow2WowLuaTest.ScenarioTests integration test: C:\Users\user\AppData\Local\Temp\Wow2WowLuaTest.tests\SimpleRequireModule\main.lua" executed="True" result="Success" success="True" time="0.279" asserts="0" />
              <test-case name="Wow2WowLuaTest.ScenarioTests each scenario has the expected files" executed="True" result="Success" success="True" time="0.570" asserts="0" />
              <test-case name="Wow2WowLuaTest.ScenarioTests can load the scenarios" executed="True" result="Success" success="True" time="0.597" asserts="0" />
            </results>
          </test-suite>
        </results>
      </test-suite>
    </results>
  </test-suite>
</test-results>